<?xml version="1.0" encoding="UTF-8"?>
<coverage generated="1710220353302" clover="3.2.0">
  <project timestamp="1710220353302" name="All files">
    <metrics statements="8" coveredstatements="5" conditionals="4" coveredconditionals="1" methods="3" coveredmethods="3" elements="15" coveredelements="9" complexity="0" loc="8" ncloc="8" packages="1" files="1" classes="1"/>
    <file name="modules.js" path="C:\Users\3217_plz\Projects\hello-world\src\modules.js">
      <metrics statements="8" coveredstatements="5" conditionals="4" coveredconditionals="1" methods="3" coveredmethods="3"/>
      <line num="2" count="2" type="stmt"/>
      <line num="5" count="2" type="stmt"/>
      <line num="6" count="2" type="stmt"/>
      <line num="10" count="1" type="cond" truecount="1" falsecount="3"/>
      <line num="12" count="0" type="stmt"/>
      <line num="14" count="0" type="stmt"/>
      <line num="16" count="0" type="stmt"/>
      <line num="18" count="1" type="stmt"/>
    </file>
  </project>
</coverage>
